<?xml version="1.0" encoding="UTF-8"?>
<testng-results skipped="1" failed="0" total="1" passed="0">
  <reporter-output>
  </reporter-output>
  <suite name="Suite" duration-ms="18970" started-at="2017-06-25T05:15:51Z" finished-at="2017-06-25T05:16:10Z">
    <groups>
    </groups>
    <test name="Test" duration-ms="18970" started-at="2017-06-25T05:15:51Z" finished-at="2017-06-25T05:16:10Z">
      <class name="testScripts.ValidateHotelBooking">
        <test-method status="FAIL" signature="launch(java.lang.String, java.lang.String, java.lang.String, java.lang.String, java.lang.String, java.lang.String)[pri:0, instance:testScripts.ValidateHotelBooking@50c87b21]" name="launch" is-config="true" duration-ms="0" started-at="2017-06-25T10:45:51Z" finished-at="2017-06-25T10:45:51Z">
          <params>
            <param index="0">
              <value>
                <![CDATA[192.168.145.104:5555]]>
              </value>
            </param>
            <param index="1">
              <value>
                <![CDATA[Android]]>
              </value>
            </param>
            <param index="2">
              <value>
                <![CDATA[4.2.2]]>
              </value>
            </param>
            <param index="3">
              <value>
                <![CDATA[Android]]>
              </value>
            </param>
            <param index="4">
              <value>
                <![CDATA[C:\Users\You\Downloads\MakeMyTrip Flights Hotels Cabs_v5.6.9_apkpure.com.apk]]>
              </value>
            </param>
            <param index="5">
              <value>
                <![CDATA[http://127.0.0.1:4723/wd/hub]]>
              </value>
            </param>
          </params>
          <exception class="java.lang.AssertionError">
            <message>
              <![CDATA[null]]>
            </message>
            <full-stacktrace>
              <![CDATA[java.lang.AssertionError: null
	at org.testng.Assert.fail(Assert.java:94)
	at org.testng.Assert.fail(Assert.java:101)
	at driverScript.InitializeDriver.setUp(InitializeDriver.java:47)
	at testScripts.ValidateHotelBooking.launch(ValidateHotelBooking.java:48)
	at sun.reflect.NativeMethodAccessorImpl.invoke0(Native Method)
	at sun.reflect.NativeMethodAccessorImpl.invoke(NativeMethodAccessorImpl.java:62)
	at sun.reflect.DelegatingMethodAccessorImpl.invoke(DelegatingMethodAccessorImpl.java:43)
	at java.lang.reflect.Method.invoke(Method.java:498)
	at org.testng.internal.MethodInvocationHelper.invokeMethod(MethodInvocationHelper.java:85)
	at org.testng.internal.Invoker.invokeConfigurationMethod(Invoker.java:510)
	at org.testng.internal.Invoker.invokeConfigurations(Invoker.java:211)
	at org.testng.internal.Invoker.invokeConfigurations(Invoker.java:138)
	at org.testng.internal.TestMethodWorker.invokeBeforeClassMethods(TestMethodWorker.java:170)
	at org.testng.internal.TestMethodWorker.run(TestMethodWorker.java:104)
	at org.testng.TestRunner.privateRun(TestRunner.java:774)
	at org.testng.TestRunner.run(TestRunner.java:624)
	at org.testng.SuiteRunner.runTest(SuiteRunner.java:359)
	at org.testng.SuiteRunner.runSequentially(SuiteRunner.java:354)
	at org.testng.SuiteRunner.privateRun(SuiteRunner.java:312)
	at org.testng.SuiteRunner.run(SuiteRunner.java:261)
	at org.testng.SuiteRunnerWorker.runSuite(SuiteRunnerWorker.java:52)
	at org.testng.SuiteRunnerWorker.run(SuiteRunnerWorker.java:86)
	at org.testng.TestNG.runSuitesSequentially(TestNG.java:1215)
	at org.testng.TestNG.runSuitesLocally(TestNG.java:1140)
	at org.testng.TestNG.run(TestNG.java:1048)
	at org.testng.remote.AbstractRemoteTestNG.run(AbstractRemoteTestNG.java:132)
	at org.testng.remote.RemoteTestNG.initAndRun(RemoteTestNG.java:230)
	at org.testng.remote.RemoteTestNG.main(RemoteTestNG.java:76)
]]>
            </full-stacktrace>
          </exception> <!-- java.lang.AssertionError -->
          <reporter-output>
          </reporter-output>
        </test-method> <!-- launch -->
        <test-method status="SKIP" signature="hotelBooking()[pri:0, instance:testScripts.ValidateHotelBooking@50c87b21]" name="hotelBooking" duration-ms="1" started-at="2017-06-25T10:46:10Z" finished-at="2017-06-25T10:46:10Z">
          <reporter-output>
          </reporter-output>
        </test-method> <!-- hotelBooking -->
        <test-method status="SKIP" signature="close()[pri:0, instance:testScripts.ValidateHotelBooking@50c87b21]" name="close" is-config="true" duration-ms="0" started-at="2017-06-25T10:46:10Z" finished-at="2017-06-25T10:46:10Z">
          <reporter-output>
          </reporter-output>
        </test-method> <!-- close -->
      </class> <!-- testScripts.ValidateHotelBooking -->
    </test> <!-- Test -->
  </suite> <!-- Suite -->
</testng-results>
